<?xml version="1.0" encoding="UTF-8"?>
<!-- Generated by org.testng.reporters.JUnitReportReporter -->
<testsuite hostname="LAPTOP-8PO5ARJU" failures="0" tests="1" name="selenium.stepby.step.vinod.HandlingRadioButtons" time="20.921" errors="0" timestamp="2022-09-23T18:11:19 IST" skipped="0">
  <testcase classname="selenium.stepby.step.vinod.HandlingRadioButtons" name="RadioButtons" time="20.921"/>
  <system-out/>
</testsuite> <!-- selenium.stepby.step.vinod.HandlingRadioButtons -->
