<?xml version="1.0" encoding="UTF-8"?>
<!-- Generated by org.testng.reporters.JUnitReportReporter -->
<testsuite hostname="LAPTOP-8PO5ARJU" failures="0" tests="1" name="selenium.stepby.step.vinod.NavigationCommands_3" time="41.742" errors="0" timestamp="2022-09-23T17:00:26 IST" skipped="0">
  <testcase classname="selenium.stepby.step.vinod.NavigationCommands_3" name="NavigationCommands" time="41.742"/>
  <system-out/>
</testsuite> <!-- selenium.stepby.step.vinod.NavigationCommands_3 -->
