<?xml version="1.0" encoding="UTF-8"?>
<!-- Generated by org.testng.reporters.JUnitReportReporter -->
<testsuite hostname="LAPTOP-8PO5ARJU" failures="0" tests="1" name="com.nxtgenaiacademy.Day_14.HadlingTheDataPicekr" time="54.504" errors="0" timestamp="2022-09-29T09:54:07 IST" skipped="0">
  <testcase classname="com.nxtgenaiacademy.Day_14.HadlingTheDataPicekr" name="hadlingTheDataPicekr" time="54.504"/>
  <system-out/>
</testsuite> <!-- com.nxtgenaiacademy.Day_14.HadlingTheDataPicekr -->
