<?xml version="1.0" encoding="UTF-8"?>
<!-- Generated by org.testng.reporters.JUnitReportReporter -->
<testsuite hostname="LAPTOP-8PO5ARJU" failures="0" tests="1" name="com.nxtgenaiacademy.Day_11.ConfrimAlertBox" time="58.535" errors="0" timestamp="2022-09-27T08:36:43 IST" skipped="0">
  <testcase classname="com.nxtgenaiacademy.Day_11.ConfrimAlertBox" name="confrimAlertBox" time="58.535"/>
  <system-out/>
</testsuite> <!-- com.nxtgenaiacademy.Day_11.ConfrimAlertBox -->
