<?xml version="1.0" encoding="UTF-8"?>
<!-- Generated by org.testng.reporters.JUnitReportReporter -->
<testsuite hostname="LAPTOP-8PO5ARJU" failures="0" tests="1" name="com.nxtgenaiacademy.Day_10.HandLingDoubleClick" time="30.038" errors="0" timestamp="2022-09-26T12:19:21 IST" skipped="0">
  <testcase classname="com.nxtgenaiacademy.Day_10.HandLingDoubleClick" name="handLingDoubleClick" time="30.038"/>
  <system-out/>
</testsuite> <!-- com.nxtgenaiacademy.Day_10.HandLingDoubleClick -->
