<?xml version="1.0" encoding="UTF-8"?>
<!-- Generated by org.testng.reporters.JUnitReportReporter -->
<testsuite hostname="LAPTOP-8PO5ARJU" failures="0" tests="1" name="com.nxtgenaiacademy.Day_11.HandlingMultiBrowser" time="82.625" errors="0" timestamp="2022-09-27T11:47:18 IST" skipped="0">
  <testcase classname="com.nxtgenaiacademy.Day_11.HandlingMultiBrowser" name="handlingMultiBrowser" time="82.625"/>
  <system-out/>
</testsuite> <!-- com.nxtgenaiacademy.Day_11.HandlingMultiBrowser -->
