<?xml version="1.0" encoding="UTF-8"?>
<!-- Generated by org.testng.reporters.JUnitReportReporter -->
<testsuite hostname="LAPTOP-8PO5ARJU" failures="0" tests="1" name="selenium.stepby.step.Imges.HandlingTheImge" time="21.319" errors="0" timestamp="2022-09-24T09:51:52 IST" skipped="0">
  <testcase classname="selenium.stepby.step.Imges.HandlingTheImge" name="handlingTheImge" time="21.319"/>
  <system-out/>
</testsuite> <!-- selenium.stepby.step.Imges.HandlingTheImge -->
