<?xml version="1.0" encoding="UTF-8"?>
<!-- Generated by org.testng.reporters.JUnitReportReporter -->
<testsuite hostname="LAPTOP-8PO5ARJU" failures="0" tests="1" name="com.nxtgenaiacademy.Day_13.RetrieveDropDown" time="61.513" errors="0" timestamp="2022-09-28T08:15:58 IST" skipped="0">
  <testcase classname="com.nxtgenaiacademy.Day_13.RetrieveDropDown" name="retrieveDropDown" time="61.513"/>
  <system-out/>
</testsuite> <!-- com.nxtgenaiacademy.Day_13.RetrieveDropDown -->
