<?xml version="1.0" encoding="UTF-8"?>
<!-- Generated by org.testng.reporters.JUnitReportReporter -->
<testsuite hostname="LAPTOP-8PO5ARJU" failures="0" tests="1" name="com.nxtgenaiacademy.Day_10.HandlingMouseHover" time="47.416" errors="0" timestamp="2022-09-26T19:19:20 IST" skipped="0">
  <testcase classname="com.nxtgenaiacademy.Day_10.HandlingMouseHover" name="handlingMouseHover" time="47.416"/>
  <system-out/>
</testsuite> <!-- com.nxtgenaiacademy.Day_10.HandlingMouseHover -->
