<?xml version="1.0" encoding="UTF-8"?>
<!-- Generated by org.testng.reporters.JUnitReportReporter -->
<testsuite hostname="LAPTOP-8PO5ARJU" failures="0" tests="1" name="com.nxtgenaiacademy.Day_9.HandlingIframes" time="18.036" errors="0" timestamp="2022-09-26T09:59:04 IST" skipped="0">
  <testcase classname="com.nxtgenaiacademy.Day_9.HandlingIframes" name="handlingIframes" time="18.036"/>
  <system-out/>
</testsuite> <!-- com.nxtgenaiacademy.Day_9.HandlingIframes -->
