<?xml version="1.0" encoding="UTF-8"?>
<!-- Generated by org.testng.reporters.JUnitReportReporter -->
<testsuite hostname="LAPTOP-8PO5ARJU" failures="0" tests="1" name="selenium.stepby.step.vinod.LaunchApplication_2" time="27.607" errors="0" timestamp="2022-09-23T16:30:52 IST" skipped="0">
  <testcase classname="selenium.stepby.step.vinod.LaunchApplication_2" name="Launchapplication" time="27.607"/>
  <system-out/>
</testsuite> <!-- selenium.stepby.step.vinod.LaunchApplication_2 -->
