<?xml version="1.0" encoding="UTF-8"?>
<!-- Generated by org.testng.reporters.JUnitReportReporter -->
<testsuite hostname="LAPTOP-8PO5ARJU" failures="0" tests="1" name="com.nxtgenaiacademy.Day_14.progressExplicitWait" time="30.549" errors="0" timestamp="2022-09-28T09:48:53 IST" skipped="0">
  <testcase classname="com.nxtgenaiacademy.Day_14.progressExplicitWait" name="ProgressExplicitWait" time="30.549"/>
  <system-out/>
</testsuite> <!-- com.nxtgenaiacademy.Day_14.progressExplicitWait -->
