<?xml version="1.0" encoding="UTF-8"?>
<!-- Generated by org.testng.reporters.JUnitReportReporter -->
<testsuite hostname="LAPTOP-8PO5ARJU" failures="0" tests="1" name="com.nxtgenaiacademy.Day_12.StaticWebtable" time="24.244" errors="0" timestamp="2022-09-27T13:02:29 IST" skipped="0">
  <testcase classname="com.nxtgenaiacademy.Day_12.StaticWebtable" name="staticWebtable" time="24.244"/>
  <system-out/>
</testsuite> <!-- com.nxtgenaiacademy.Day_12.StaticWebtable -->
