<?xml version="1.0" encoding="UTF-8"?>
<!-- Generated by org.testng.reporters.JUnitReportReporter -->
<testsuite hostname="LAPTOP-8PO5ARJU" failures="0" tests="1" name="com.nxtgenaiacademy.Day_11.HandlingDragDrop" time="29.305" errors="0" timestamp="2022-09-26T21:38:59 IST" skipped="0">
  <testcase classname="com.nxtgenaiacademy.Day_11.HandlingDragDrop" name="handLingDoubleClick" time="29.305"/>
  <system-out/>
</testsuite> <!-- com.nxtgenaiacademy.Day_11.HandlingDragDrop -->
