<?xml version="1.0" encoding="UTF-8"?>
<!-- Generated by org.testng.reporters.JUnitReportReporter -->
<testsuite hostname="LAPTOP-8PO5ARJU" failures="0" tests="1" name="com.nxtgenaiacademy.Day_9.HandlingPopup" time="23.803" errors="0" timestamp="2022-09-26T09:04:57 IST" skipped="0">
  <testcase classname="com.nxtgenaiacademy.Day_9.HandlingPopup" name="handlingPopup" time="23.803"/>
  <system-out/>
</testsuite> <!-- com.nxtgenaiacademy.Day_9.HandlingPopup -->
