<?xml version="1.0" encoding="UTF-8"?>
<!-- Generated by org.testng.reporters.JUnitReportReporter -->
<testsuite hostname="LAPTOP-8PO5ARJU" failures="0" tests="1" name="selenium.stepby.step.Imges_8.HandlingDropdown" time="21.072" errors="0" timestamp="2022-09-25T09:38:36 IST" skipped="0">
  <testcase classname="selenium.stepby.step.Imges_8.HandlingDropdown" name="handlingDropdown" time="21.072"/>
  <system-out/>
</testsuite> <!-- selenium.stepby.step.Imges_8.HandlingDropdown -->
