<?xml version="1.0" encoding="UTF-8"?>
<!-- Generated by org.testng.reporters.JUnitReportReporter -->
<testsuite hostname="LAPTOP-8PO5ARJU" failures="0" tests="1" name="com.nxtgenaiacademy.Day_10.HadlingRightClick" time="30.034" errors="0" timestamp="2022-09-26T12:57:59 IST" skipped="0">
  <testcase classname="com.nxtgenaiacademy.Day_10.HadlingRightClick" name="handLingDoubleClick" time="30.034"/>
  <system-out/>
</testsuite> <!-- com.nxtgenaiacademy.Day_10.HadlingRightClick -->
