<?xml version="1.0" encoding="UTF-8"?>
<!-- Generated by org.testng.reporters.JUnitReportReporter -->
<testsuite hostname="LAPTOP-8PO5ARJU" failures="0" tests="1" name="com.nxtgenaiacademy.Day_11.PromptalertBox" time="46.194" errors="0" timestamp="2022-09-27T09:00:08 IST" skipped="0">
  <testcase classname="com.nxtgenaiacademy.Day_11.PromptalertBox" name="PromptalertBoxClick" time="46.194"/>
  <system-out/>
</testsuite> <!-- com.nxtgenaiacademy.Day_11.PromptalertBox -->
