<?xml version="1.0" encoding="UTF-8"?>
<!-- Generated by org.testng.reporters.JUnitReportReporter -->
<testsuite hostname="LAPTOP-8PO5ARJU" failures="0" tests="1" name="com.nxtgenaiacademy.Day_10.KeyBoardActions" time="39.117" errors="0" timestamp="2022-09-26T20:14:17 IST" skipped="0">
  <testcase classname="com.nxtgenaiacademy.Day_10.KeyBoardActions" name="keyBoardActions" time="39.117"/>
  <system-out/>
</testsuite> <!-- com.nxtgenaiacademy.Day_10.KeyBoardActions -->
