<?xml version="1.0" encoding="UTF-8"?>
<!-- Generated by org.testng.reporters.JUnitReportReporter -->
<testsuite hostname="LAPTOP-8PO5ARJU" failures="0" tests="1" name="com.nxtgenaiacademy.Day_12.DynamicWbTable" time="1311.647" errors="0" timestamp="2022-09-27T15:58:07 IST" skipped="0">
  <testcase classname="com.nxtgenaiacademy.Day_12.DynamicWbTable" name="dynamicWbTable" time="1311.647"/>
  <system-out/>
</testsuite> <!-- com.nxtgenaiacademy.Day_12.DynamicWbTable -->
