<?xml version="1.0" encoding="UTF-8"?>
<!-- Generated by org.testng.reporters.JUnitReportReporter -->
<testsuite hostname="LAPTOP-8PO5ARJU" failures="0" tests="1" name="com.nxtgenaiacademy.Day_9.HadlingToolTrip" time="23.436" errors="0" timestamp="2022-09-26T10:51:49 IST" skipped="0">
  <testcase classname="com.nxtgenaiacademy.Day_9.HadlingToolTrip" name="hadlingToolTrip" time="23.436"/>
  <system-out/>
</testsuite> <!-- com.nxtgenaiacademy.Day_9.HadlingToolTrip -->
